<?xml version="1.0" encoding="UTF-8"?>
<testsuites name="crud" time="28" tests="2" failures="0" errors="1">
   <testsuite name="crud" tests="2" failures="0" errors="1" time="28" timestamp="2019-04-06 20:30:15" hostname="Pieter Daud - DESKTOP-TSK39O8" id="Test Suites/crud">
      <properties>
         <property name="deviceName" value=""/>
         <property name="devicePlatform" value=""/>
         <property name="logFolder" value="C:\\Users\\Pieter Daud\\Katalon Studio\\TODi3\\Reports\\crud\\20190406_203008"/>
         <property name="logFiles" value="C:\\Users\\Pieter Daud\\Katalon Studio\\TODi3\\Reports\\crud\\20190406_203008\\execution0.log"/>
         <property name="attachments" value="screenshoot\\StartInsert.jpg, screenshoot\\FinishInsert.jpg, screenshoot\\FinishDelete.jpg"/>
         <property name="hostName" value="Pieter Daud - DESKTOP-TSK39O8"/>
         <property name="os" value="Windows 10 64bit"/>
         <property name="katalonVersion" value="6.0.4.7"/>
         <property name="browser" value="Chrome 73.0.3683.86"/>
         <property name="hostAddress" value="10.7.161.111"/>
         <property name="sessionId" value="2486528685d598fbf4b19503c384a695"/>
         <property name="seleniumVersion" value="3.7.1"/>
         <property name="proxyInformation" value="ProxyInformation{proxyOption=NO_PROXY, proxyServerType=HTTP, password=, proxyServerAddress=, proxyServerPort=0}"/>
         <property name="platform" value="Windows 10"/>
      </properties>
      <testcase name="Test Cases/insert" classname="Test Cases/insert" status="PASSED">
         <system-out><![CDATA[2019-04-06 20:30:15 - [TEST_CASE][PASSED] - Test Cases/insert: Test Cases/insert

2019-04-06 20:30:15 - [TEST_STEP][PASSED] - openBrowser("http://192.168.1.104/sekolah/siswa.html"): Browser is opened with url: 'http://192.168.1.104/sekolah/siswa.html'

2019-04-06 20:30:16 - [MESSAGE][INFO] - Starting 'Chrome' driver

2019-04-06 20:30:16 - [MESSAGE][INFO] - Action delay is set to 0 seconds

2019-04-06 20:30:20 - [MESSAGE][PASSED] - Browser is opened with url: 'http://192.168.1.104/sekolah/siswa.html'

2019-04-06 20:30:20 - [TEST_STEP][PASSED] - data = findTestData("datasiswa"): null

2019-04-06 20:30:21 - [TEST_STEP][PASSED] - baseUrl = "http://192.168.1.104/sekolah/siswa.html": null

2019-04-06 20:30:21 - [TEST_STEP][PASSED] - driver = getWebDriver(): null

2019-04-06 20:30:21 - [TEST_STEP][PASSED] - selenium = new com.thoughtworks.selenium.webdriven.WebDriverBackedSelenium(driver, baseUrl): null

2019-04-06 20:30:21 - [TEST_STEP][PASSED] - takeScreenshot("screenshoot\StartInsert.jpg"): Taking screenshot successfully

2019-04-06 20:30:21 - [MESSAGE][PASSED] - Taking screenshot successfully
[[ATTACHMENT|screenshoot\\StartInsert.jpg]]

2019-04-06 20:30:21 - [TEST_STEP][PASSED] - for (def index : (0..(data.getRowNumbers() - 1))): null

2019-04-06 20:30:21 - [TEST_STEP][PASSED] - selenium.click("link=Tambah"): null

2019-04-06 20:30:21 - [TEST_STEP][PASSED] - selenium.click("name=nama"): null

2019-04-06 20:30:21 - [TEST_STEP][PASSED] - selenium.type("name=nama", data.internallyGetValue("nama", index)): null

2019-04-06 20:30:21 - [TEST_STEP][PASSED] - selenium.click("name=jenis_kelamin"): null

2019-04-06 20:30:22 - [TEST_STEP][PASSED] - selenium.type("name=jenis_kelamin", data.internallyGetValue("jenis_kelamin", index)): null

2019-04-06 20:30:22 - [TEST_STEP][PASSED] - selenium.click("name=telepon"): null

2019-04-06 20:30:22 - [TEST_STEP][PASSED] - selenium.type("name=telepon", data.internallyGetValue("telepon", index)): null

2019-04-06 20:30:22 - [TEST_STEP][PASSED] - selenium.click("name=alamat"): null

2019-04-06 20:30:22 - [TEST_STEP][PASSED] - selenium.type("name=alamat", data.internallyGetValue("alamat", index)): null

2019-04-06 20:30:22 - [TEST_STEP][PASSED] - selenium.click("xpath=(.//*[normalize-space(text()) and normalize-space(.)='Alamat'])[1]/following::button[1]"): null

2019-04-06 20:30:22 - [TEST_STEP][PASSED] - selenium.click("link=Tambah"): null

2019-04-06 20:30:22 - [TEST_STEP][PASSED] - selenium.click("name=nama"): null

2019-04-06 20:30:22 - [TEST_STEP][PASSED] - selenium.type("name=nama", data.internallyGetValue("nama", index)): null

2019-04-06 20:30:22 - [TEST_STEP][PASSED] - selenium.click("name=jenis_kelamin"): null

2019-04-06 20:30:23 - [TEST_STEP][PASSED] - selenium.type("name=jenis_kelamin", data.internallyGetValue("jenis_kelamin", index)): null

2019-04-06 20:30:23 - [TEST_STEP][PASSED] - selenium.click("name=telepon"): null

2019-04-06 20:30:23 - [TEST_STEP][PASSED] - selenium.type("name=telepon", data.internallyGetValue("telepon", index)): null

2019-04-06 20:30:23 - [TEST_STEP][PASSED] - selenium.click("name=alamat"): null

2019-04-06 20:30:23 - [TEST_STEP][PASSED] - selenium.type("name=alamat", data.internallyGetValue("alamat", index)): null

2019-04-06 20:30:23 - [TEST_STEP][PASSED] - selenium.click("xpath=(.//*[normalize-space(text()) and normalize-space(.)='Alamat'])[1]/following::button[1]"): null

2019-04-06 20:30:23 - [TEST_STEP][PASSED] - selenium.click("link=Tambah"): null

2019-04-06 20:30:23 - [TEST_STEP][PASSED] - selenium.click("name=nama"): null

2019-04-06 20:30:23 - [TEST_STEP][PASSED] - selenium.type("name=nama", data.internallyGetValue("nama", index)): null

2019-04-06 20:30:23 - [TEST_STEP][PASSED] - selenium.click("name=jenis_kelamin"): null

2019-04-06 20:30:23 - [TEST_STEP][PASSED] - selenium.type("name=jenis_kelamin", data.internallyGetValue("jenis_kelamin", index)): null

2019-04-06 20:30:24 - [TEST_STEP][PASSED] - selenium.click("name=telepon"): null

2019-04-06 20:30:24 - [TEST_STEP][PASSED] - selenium.type("name=telepon", data.internallyGetValue("telepon", index)): null

2019-04-06 20:30:24 - [TEST_STEP][PASSED] - selenium.click("name=alamat"): null

2019-04-06 20:30:24 - [TEST_STEP][PASSED] - selenium.type("name=alamat", data.internallyGetValue("alamat", index)): null

2019-04-06 20:30:24 - [TEST_STEP][PASSED] - selenium.click("xpath=(.//*[normalize-space(text()) and normalize-space(.)='Alamat'])[1]/following::button[1]"): null

2019-04-06 20:30:24 - [TEST_STEP][PASSED] - selenium.click("link=Tambah"): null

2019-04-06 20:30:24 - [TEST_STEP][PASSED] - selenium.click("name=nama"): null

2019-04-06 20:30:24 - [TEST_STEP][PASSED] - selenium.type("name=nama", data.internallyGetValue("nama", index)): null

2019-04-06 20:30:25 - [TEST_STEP][PASSED] - selenium.click("name=jenis_kelamin"): null

2019-04-06 20:30:25 - [TEST_STEP][PASSED] - selenium.type("name=jenis_kelamin", data.internallyGetValue("jenis_kelamin", index)): null

2019-04-06 20:30:25 - [TEST_STEP][PASSED] - selenium.click("name=telepon"): null

2019-04-06 20:30:25 - [TEST_STEP][PASSED] - selenium.type("name=telepon", data.internallyGetValue("telepon", index)): null

2019-04-06 20:30:25 - [TEST_STEP][PASSED] - selenium.click("name=alamat"): null

2019-04-06 20:30:25 - [TEST_STEP][PASSED] - selenium.type("name=alamat", data.internallyGetValue("alamat", index)): null

2019-04-06 20:30:25 - [TEST_STEP][PASSED] - selenium.click("xpath=(.//*[normalize-space(text()) and normalize-space(.)='Alamat'])[1]/following::button[1]"): null

2019-04-06 20:30:25 - [TEST_STEP][PASSED] - selenium.click("link=Tambah"): null

2019-04-06 20:30:25 - [TEST_STEP][PASSED] - selenium.click("name=nama"): null

2019-04-06 20:30:26 - [TEST_STEP][PASSED] - selenium.type("name=nama", data.internallyGetValue("nama", index)): null

2019-04-06 20:30:26 - [TEST_STEP][PASSED] - selenium.click("name=jenis_kelamin"): null

2019-04-06 20:30:26 - [TEST_STEP][PASSED] - selenium.type("name=jenis_kelamin", data.internallyGetValue("jenis_kelamin", index)): null

2019-04-06 20:30:26 - [TEST_STEP][PASSED] - selenium.click("name=telepon"): null

2019-04-06 20:30:26 - [TEST_STEP][PASSED] - selenium.type("name=telepon", data.internallyGetValue("telepon", index)): null

2019-04-06 20:30:26 - [TEST_STEP][PASSED] - selenium.click("name=alamat"): null

2019-04-06 20:30:26 - [TEST_STEP][PASSED] - selenium.type("name=alamat", data.internallyGetValue("alamat", index)): null

2019-04-06 20:30:26 - [TEST_STEP][PASSED] - selenium.click("xpath=(.//*[normalize-space(text()) and normalize-space(.)='Alamat'])[1]/following::button[1]"): null

2019-04-06 20:30:26 - [TEST_STEP][PASSED] - selenium.click("link=Tambah"): null

2019-04-06 20:30:26 - [TEST_STEP][PASSED] - selenium.click("name=nama"): null

2019-04-06 20:30:26 - [TEST_STEP][PASSED] - selenium.type("name=nama", data.internallyGetValue("nama", index)): null

2019-04-06 20:30:26 - [TEST_STEP][PASSED] - selenium.click("name=jenis_kelamin"): null

2019-04-06 20:30:27 - [TEST_STEP][PASSED] - selenium.type("name=jenis_kelamin", data.internallyGetValue("jenis_kelamin", index)): null

2019-04-06 20:30:27 - [TEST_STEP][PASSED] - selenium.click("name=telepon"): null

2019-04-06 20:30:27 - [TEST_STEP][PASSED] - selenium.type("name=telepon", data.internallyGetValue("telepon", index)): null

2019-04-06 20:30:27 - [TEST_STEP][PASSED] - selenium.click("name=alamat"): null

2019-04-06 20:30:27 - [TEST_STEP][PASSED] - selenium.type("name=alamat", data.internallyGetValue("alamat", index)): null

2019-04-06 20:30:27 - [TEST_STEP][PASSED] - selenium.click("xpath=(.//*[normalize-space(text()) and normalize-space(.)='Alamat'])[1]/following::button[1]"): null

2019-04-06 20:30:27 - [TEST_STEP][PASSED] - selenium.click("link=Tambah"): null

2019-04-06 20:30:28 - [TEST_STEP][PASSED] - selenium.click("name=nama"): null

2019-04-06 20:30:28 - [TEST_STEP][PASSED] - selenium.type("name=nama", data.internallyGetValue("nama", index)): null

2019-04-06 20:30:28 - [TEST_STEP][PASSED] - selenium.click("name=jenis_kelamin"): null

2019-04-06 20:30:28 - [TEST_STEP][PASSED] - selenium.type("name=jenis_kelamin", data.internallyGetValue("jenis_kelamin", index)): null

2019-04-06 20:30:28 - [TEST_STEP][PASSED] - selenium.click("name=telepon"): null

2019-04-06 20:30:28 - [TEST_STEP][PASSED] - selenium.type("name=telepon", data.internallyGetValue("telepon", index)): null

2019-04-06 20:30:28 - [TEST_STEP][PASSED] - selenium.click("name=alamat"): null

2019-04-06 20:30:28 - [TEST_STEP][PASSED] - selenium.type("name=alamat", data.internallyGetValue("alamat", index)): null

2019-04-06 20:30:28 - [TEST_STEP][PASSED] - selenium.click("xpath=(.//*[normalize-space(text()) and normalize-space(.)='Alamat'])[1]/following::button[1]"): null

2019-04-06 20:30:29 - [TEST_STEP][PASSED] - takeScreenshot("screenshoot\FinishInsert.jpg"): Taking screenshot successfully

2019-04-06 20:30:29 - [MESSAGE][PASSED] - Taking screenshot successfully
[[ATTACHMENT|screenshoot\\FinishInsert.jpg]]]]></system-out>
         <system-err><![CDATA[]]></system-err>
      </testcase>
      <testcase name="Test Cases/update" classname="Test Cases/update" status="ERROR">
         <error type="ERROR" message="Test Cases/update FAILED.
Reason:
com.thoughtworks.selenium.SeleniumException: Element link=Edit not found
	at com.thoughtworks.selenium.webdriven.ElementFinder.findElement(ElementFinder.java:77)
	at com.thoughtworks.selenium.webdriven.commands.Click.handleSeleneseCommand(Click.java:39)
	at com.thoughtworks.selenium.webdriven.commands.Click.handleSeleneseCommand(Click.java:26)
	at com.thoughtworks.selenium.webdriven.SeleneseCommand.apply(SeleneseCommand.java:36)
	at com.thoughtworks.selenium.webdriven.Timer.run(Timer.java:41)
	at com.thoughtworks.selenium.webdriven.WebDriverCommandProcessor.execute(WebDriverCommandProcessor.java:150)
	at com.thoughtworks.selenium.webdriven.WebDriverCommandProcessor.doCommand(WebDriverCommandProcessor.java:76)
	at com.thoughtworks.selenium.DefaultSelenium.click(DefaultSelenium.java:198)
	at com.thoughtworks.selenium.Selenium$click.call(Unknown Source)
	at update.run(update:36)
	at com.kms.katalon.core.main.ScriptEngine.run(ScriptEngine.java:194)
	at com.kms.katalon.core.main.ScriptEngine.runScriptAsRawText(ScriptEngine.java:119)
	at com.kms.katalon.core.main.TestCaseExecutor.runScript(TestCaseExecutor.java:328)
	at com.kms.katalon.core.main.TestCaseExecutor.doExecute(TestCaseExecutor.java:319)
	at com.kms.katalon.core.main.TestCaseExecutor.processExecutionPhase(TestCaseExecutor.java:298)
	at com.kms.katalon.core.main.TestCaseExecutor.accessMainPhase(TestCaseExecutor.java:290)
	at com.kms.katalon.core.main.TestCaseExecutor.execute(TestCaseExecutor.java:224)
	at com.kms.katalon.core.main.TestSuiteExecutor.accessTestCaseMainPhase(TestSuiteExecutor.java:129)
	at com.kms.katalon.core.main.TestSuiteExecutor.accessTestSuiteMainPhase(TestSuiteExecutor.java:112)
	at com.kms.katalon.core.main.TestSuiteExecutor.execute(TestSuiteExecutor.java:81)
	at com.kms.katalon.core.main.TestCaseMain.startTestSuite(TestCaseMain.java:149)
	at com.kms.katalon.core.main.TestCaseMain$startTestSuite$0.call(Unknown Source)
	at TempTestSuite1554557413460.run(TempTestSuite1554557413460.groovy:36)
"/>
         <system-out><![CDATA[2019-04-06 20:30:29 - [TEST_CASE][ERROR] - Test Cases/update: Test Cases/update FAILED.
Reason:
com.thoughtworks.selenium.SeleniumException: Element link=Edit not found
	at com.thoughtworks.selenium.webdriven.ElementFinder.findElement(ElementFinder.java:77)
	at com.thoughtworks.selenium.webdriven.commands.Click.handleSeleneseCommand(Click.java:39)
	at com.thoughtworks.selenium.webdriven.commands.Click.handleSeleneseCommand(Click.java:26)
	at com.thoughtworks.selenium.webdriven.SeleneseCommand.apply(SeleneseCommand.java:36)
	at com.thoughtworks.selenium.webdriven.Timer.run(Timer.java:41)
	at com.thoughtworks.selenium.webdriven.WebDriverCommandProcessor.execute(WebDriverCommandProcessor.java:150)
	at com.thoughtworks.selenium.webdriven.WebDriverCommandProcessor.doCommand(WebDriverCommandProcessor.java:76)
	at com.thoughtworks.selenium.DefaultSelenium.click(DefaultSelenium.java:198)
	at com.thoughtworks.selenium.Selenium$click.call(Unknown Source)
	at update.run(update:36)
	at com.kms.katalon.core.main.ScriptEngine.run(ScriptEngine.java:194)
	at com.kms.katalon.core.main.ScriptEngine.runScriptAsRawText(ScriptEngine.java:119)
	at com.kms.katalon.core.main.TestCaseExecutor.runScript(TestCaseExecutor.java:328)
	at com.kms.katalon.core.main.TestCaseExecutor.doExecute(TestCaseExecutor.java:319)
	at com.kms.katalon.core.main.TestCaseExecutor.processExecutionPhase(TestCaseExecutor.java:298)
	at com.kms.katalon.core.main.TestCaseExecutor.accessMainPhase(TestCaseExecutor.java:290)
	at com.kms.katalon.core.main.TestCaseExecutor.execute(TestCaseExecutor.java:224)
	at com.kms.katalon.core.main.TestSuiteExecutor.accessTestCaseMainPhase(TestSuiteExecutor.java:129)
	at com.kms.katalon.core.main.TestSuiteExecutor.accessTestSuiteMainPhase(TestSuiteExecutor.java:112)
	at com.kms.katalon.core.main.TestSuiteExecutor.execute(TestSuiteExecutor.java:81)
	at com.kms.katalon.core.main.TestCaseMain.startTestSuite(TestCaseMain.java:149)
	at com.kms.katalon.core.main.TestCaseMain$startTestSuite$0.call(Unknown Source)
	at TempTestSuite1554557413460.run(TempTestSuite1554557413460.groovy:36)


2019-04-06 20:30:29 - [TEST_STEP][PASSED] - openBrowser("http://localhost/sekolah/siswa.html"): Browser is opened with url: 'http://localhost/sekolah/siswa.html'

2019-04-06 20:30:29 - [MESSAGE][WARNING] - A browser is already opened. Closing browser and opening a new one

2019-04-06 20:30:30 - [MESSAGE][INFO] - Starting 'Chrome' driver

2019-04-06 20:30:35 - [MESSAGE][PASSED] - Browser is opened with url: 'http://localhost/sekolah/siswa.html'

2019-04-06 20:30:35 - [TEST_STEP][PASSED] - driver = getWebDriver(): null

2019-04-06 20:30:35 - [TEST_STEP][PASSED] - baseUrl = "http://localhost/sekolah/siswa.html": null

2019-04-06 20:30:35 - [TEST_STEP][PASSED] - selenium = new com.thoughtworks.selenium.webdriven.WebDriverBackedSelenium(driver, baseUrl): null

2019-04-06 20:30:35 - [TEST_STEP][PASSED] - selenium.open("http://localhost/sekolah/siswa.html"): null

2019-04-06 20:30:37 - [TEST_STEP][ERROR] - selenium.click("link=Edit"): selenium.click("link=Edit") FAILED.
Reason:
com.thoughtworks.selenium.SeleniumException: Element link=Edit not found
	at com.thoughtworks.selenium.webdriven.ElementFinder.findElement(ElementFinder.java:77)
	at com.thoughtworks.selenium.webdriven.commands.Click.handleSeleneseCommand(Click.java:39)
	at com.thoughtworks.selenium.webdriven.commands.Click.handleSeleneseCommand(Click.java:26)
	at com.thoughtworks.selenium.webdriven.SeleneseCommand.apply(SeleneseCommand.java:36)
	at com.thoughtworks.selenium.webdriven.Timer.run(Timer.java:41)
	at com.thoughtworks.selenium.webdriven.WebDriverCommandProcessor.execute(WebDriverCommandProcessor.java:150)
	at com.thoughtworks.selenium.webdriven.WebDriverCommandProcessor.doCommand(WebDriverCommandProcessor.java:76)
	at com.thoughtworks.selenium.DefaultSelenium.click(DefaultSelenium.java:198)
	at com.thoughtworks.selenium.Selenium$click.call(Unknown Source)
	at update.run(update:36)
	at com.kms.katalon.core.main.ScriptEngine.run(ScriptEngine.java:194)
	at com.kms.katalon.core.main.ScriptEngine.runScriptAsRawText(ScriptEngine.java:119)
	at com.kms.katalon.core.main.TestCaseExecutor.runScript(TestCaseExecutor.java:328)
	at com.kms.katalon.core.main.TestCaseExecutor.doExecute(TestCaseExecutor.java:319)
	at com.kms.katalon.core.main.TestCaseExecutor.processExecutionPhase(TestCaseExecutor.java:298)
	at com.kms.katalon.core.main.TestCaseExecutor.accessMainPhase(TestCaseExecutor.java:290)
	at com.kms.katalon.core.main.TestCaseExecutor.execute(TestCaseExecutor.java:224)
	at com.kms.katalon.core.main.TestSuiteExecutor.accessTestCaseMainPhase(TestSuiteExecutor.java:129)
	at com.kms.katalon.core.main.TestSuiteExecutor.accessTestSuiteMainPhase(TestSuiteExecutor.java:112)
	at com.kms.katalon.core.main.TestSuiteExecutor.execute(TestSuiteExecutor.java:81)
	at com.kms.katalon.core.main.TestCaseMain.startTestSuite(TestCaseMain.java:149)
	at com.kms.katalon.core.main.TestCaseMain$startTestSuite$0.call(Unknown Source)
	at TempTestSuite1554557413460.run(TempTestSuite1554557413460.groovy:36)


2019-04-06 20:30:37 - [MESSAGE][ERROR] - selenium.click("link=Edit") FAILED.
Reason:
com.thoughtworks.selenium.SeleniumException: Element link=Edit not found
	at com.thoughtworks.selenium.webdriven.ElementFinder.findElement(ElementFinder.java:77)
	at com.thoughtworks.selenium.webdriven.commands.Click.handleSeleneseCommand(Click.java:39)
	at com.thoughtworks.selenium.webdriven.commands.Click.handleSeleneseCommand(Click.java:26)
	at com.thoughtworks.selenium.webdriven.SeleneseCommand.apply(SeleneseCommand.java:36)
	at com.thoughtworks.selenium.webdriven.Timer.run(Timer.java:41)
	at com.thoughtworks.selenium.webdriven.WebDriverCommandProcessor.execute(WebDriverCommandProcessor.java:150)
	at com.thoughtworks.selenium.webdriven.WebDriverCommandProcessor.doCommand(WebDriverCommandProcessor.java:76)
	at com.thoughtworks.selenium.DefaultSelenium.click(DefaultSelenium.java:198)
	at com.thoughtworks.selenium.Selenium$click.call(Unknown Source)
	at update.run(update:36)
	at com.kms.katalon.core.main.ScriptEngine.run(ScriptEngine.java:194)
	at com.kms.katalon.core.main.ScriptEngine.runScriptAsRawText(ScriptEngine.java:119)
	at com.kms.katalon.core.main.TestCaseExecutor.runScript(TestCaseExecutor.java:328)
	at com.kms.katalon.core.main.TestCaseExecutor.doExecute(TestCaseExecutor.java:319)
	at com.kms.katalon.core.main.TestCaseExecutor.processExecutionPhase(TestCaseExecutor.java:298)
	at com.kms.katalon.core.main.TestCaseExecutor.accessMainPhase(TestCaseExecutor.java:290)
	at com.kms.katalon.core.main.TestCaseExecutor.execute(TestCaseExecutor.java:224)
	at com.kms.katalon.core.main.TestSuiteExecutor.accessTestCaseMainPhase(TestSuiteExecutor.java:129)
	at com.kms.katalon.core.main.TestSuiteExecutor.accessTestSuiteMainPhase(TestSuiteExecutor.java:112)
	at com.kms.katalon.core.main.TestSuiteExecutor.execute(TestSuiteExecutor.java:81)
	at com.kms.katalon.core.main.TestCaseMain.startTestSuite(TestCaseMain.java:149)
	at com.kms.katalon.core.main.TestCaseMain$startTestSuite$0.call(Unknown Source)
	at TempTestSuite1554557413460.run(TempTestSuite1554557413460.groovy:36)]]></system-out>
         <system-err><![CDATA[2019-04-06 20:30:29 - [TEST_CASE][ERROR] - Test Cases/update: Test Cases/update FAILED.
Reason:
com.thoughtworks.selenium.SeleniumException: Element link=Edit not found
	at com.thoughtworks.selenium.webdriven.ElementFinder.findElement(ElementFinder.java:77)
	at com.thoughtworks.selenium.webdriven.commands.Click.handleSeleneseCommand(Click.java:39)
	at com.thoughtworks.selenium.webdriven.commands.Click.handleSeleneseCommand(Click.java:26)
	at com.thoughtworks.selenium.webdriven.SeleneseCommand.apply(SeleneseCommand.java:36)
	at com.thoughtworks.selenium.webdriven.Timer.run(Timer.java:41)
	at com.thoughtworks.selenium.webdriven.WebDriverCommandProcessor.execute(WebDriverCommandProcessor.java:150)
	at com.thoughtworks.selenium.webdriven.WebDriverCommandProcessor.doCommand(WebDriverCommandProcessor.java:76)
	at com.thoughtworks.selenium.DefaultSelenium.click(DefaultSelenium.java:198)
	at com.thoughtworks.selenium.Selenium$click.call(Unknown Source)
	at update.run(update:36)
	at com.kms.katalon.core.main.ScriptEngine.run(ScriptEngine.java:194)
	at com.kms.katalon.core.main.ScriptEngine.runScriptAsRawText(ScriptEngine.java:119)
	at com.kms.katalon.core.main.TestCaseExecutor.runScript(TestCaseExecutor.java:328)
	at com.kms.katalon.core.main.TestCaseExecutor.doExecute(TestCaseExecutor.java:319)
	at com.kms.katalon.core.main.TestCaseExecutor.processExecutionPhase(TestCaseExecutor.java:298)
	at com.kms.katalon.core.main.TestCaseExecutor.accessMainPhase(TestCaseExecutor.java:290)
	at com.kms.katalon.core.main.TestCaseExecutor.execute(TestCaseExecutor.java:224)
	at com.kms.katalon.core.main.TestSuiteExecutor.accessTestCaseMainPhase(TestSuiteExecutor.java:129)
	at com.kms.katalon.core.main.TestSuiteExecutor.accessTestSuiteMainPhase(TestSuiteExecutor.java:112)
	at com.kms.katalon.core.main.TestSuiteExecutor.execute(TestSuiteExecutor.java:81)
	at com.kms.katalon.core.main.TestCaseMain.startTestSuite(TestCaseMain.java:149)
	at com.kms.katalon.core.main.TestCaseMain$startTestSuite$0.call(Unknown Source)
	at TempTestSuite1554557413460.run(TempTestSuite1554557413460.groovy:36)]]></system-err>
      </testcase>
      <testcase name="Test Cases/delete" classname="Test Cases/delete" status="PASSED">
         <system-out><![CDATA[2019-04-06 20:30:37 - [TEST_CASE][PASSED] - Test Cases/delete: Test Cases/delete

2019-04-06 20:30:37 - [TEST_STEP][PASSED] - openBrowser("http://192.168.1.104/sekolah/siswa.html"): Browser is opened with url: 'http://192.168.1.104/sekolah/siswa.html'

2019-04-06 20:30:37 - [MESSAGE][WARNING] - A browser is already opened. Closing browser and opening a new one

2019-04-06 20:30:38 - [MESSAGE][INFO] - Starting 'Chrome' driver

2019-04-06 20:30:42 - [MESSAGE][PASSED] - Browser is opened with url: 'http://192.168.1.104/sekolah/siswa.html'

2019-04-06 20:30:42 - [TEST_STEP][PASSED] - driver = getWebDriver(): null

2019-04-06 20:30:42 - [TEST_STEP][PASSED] - baseUrl = "http://192.168.1.104/sekolah/siswa.html": null

2019-04-06 20:30:42 - [TEST_STEP][PASSED] - selenium = new com.thoughtworks.selenium.webdriven.WebDriverBackedSelenium(driver, baseUrl): null

2019-04-06 20:30:42 - [TEST_STEP][PASSED] - selenium.open("http://192.168.1.104/sekolah/siswa.html"): null

2019-04-06 20:30:42 - [TEST_STEP][PASSED] - selenium.click("xpath=(.//*[normalize-space(text()) and normalize-space(.)='Edit'])[2]/following::a[1]"): null

2019-04-06 20:30:42 - [TEST_STEP][PASSED] - selenium.click("xpath=(.//*[normalize-space(text()) and normalize-space(.)='Edit'])[3]/following::a[1]"): null

2019-04-06 20:30:42 - [TEST_STEP][PASSED] - selenium.click("xpath=(.//*[normalize-space(text()) and normalize-space(.)='Edit'])[4]/following::a[1]"): null

2019-04-06 20:30:43 - [TEST_STEP][PASSED] - takeScreenshot("screenshoot\FinishDelete.jpg"): Taking screenshot successfully

2019-04-06 20:30:43 - [MESSAGE][PASSED] - Taking screenshot successfully
[[ATTACHMENT|screenshoot\\FinishDelete.jpg]]]]></system-out>
         <system-err><![CDATA[]]></system-err>
      </testcase>
      <system-out><![CDATA[2019-04-06 20:30:15 - [TEST_SUITE][ERROR] - crud: Test Cases/update FAILED.
Reason:
com.thoughtworks.selenium.SeleniumException: Element link=Edit not found
	at com.thoughtworks.selenium.webdriven.ElementFinder.findElement(ElementFinder.java:77)
	at com.thoughtworks.selenium.webdriven.commands.Click.handleSeleneseCommand(Click.java:39)
	at com.thoughtworks.selenium.webdriven.commands.Click.handleSeleneseCommand(Click.java:26)
	at com.thoughtworks.selenium.webdriven.SeleneseCommand.apply(SeleneseCommand.java:36)
	at com.thoughtworks.selenium.webdriven.Timer.run(Timer.java:41)
	at com.thoughtworks.selenium.webdriven.WebDriverCommandProcessor.execute(WebDriverCommandProcessor.java:150)
	at com.thoughtworks.selenium.webdriven.WebDriverCommandProcessor.doCommand(WebDriverCommandProcessor.java:76)
	at com.thoughtworks.selenium.DefaultSelenium.click(DefaultSelenium.java:198)
	at com.thoughtworks.selenium.Selenium$click.call(Unknown Source)
	at update.run(update:36)
	at com.kms.katalon.core.main.ScriptEngine.run(ScriptEngine.java:194)
	at com.kms.katalon.core.main.ScriptEngine.runScriptAsRawText(ScriptEngine.java:119)
	at com.kms.katalon.core.main.TestCaseExecutor.runScript(TestCaseExecutor.java:328)
	at com.kms.katalon.core.main.TestCaseExecutor.doExecute(TestCaseExecutor.java:319)
	at com.kms.katalon.core.main.TestCaseExecutor.processExecutionPhase(TestCaseExecutor.java:298)
	at com.kms.katalon.core.main.TestCaseExecutor.accessMainPhase(TestCaseExecutor.java:290)
	at com.kms.katalon.core.main.TestCaseExecutor.execute(TestCaseExecutor.java:224)
	at com.kms.katalon.core.main.TestSuiteExecutor.accessTestCaseMainPhase(TestSuiteExecutor.java:129)
	at com.kms.katalon.core.main.TestSuiteExecutor.accessTestSuiteMainPhase(TestSuiteExecutor.java:112)
	at com.kms.katalon.core.main.TestSuiteExecutor.execute(TestSuiteExecutor.java:81)
	at com.kms.katalon.core.main.TestCaseMain.startTestSuite(TestCaseMain.java:149)
	at com.kms.katalon.core.main.TestCaseMain$startTestSuite$0.call(Unknown Source)
	at TempTestSuite1554557413460.run(TempTestSuite1554557413460.groovy:36)]]></system-out>
      <system-err><![CDATA[2019-04-06 20:30:15 - [TEST_SUITE][ERROR] - crud: Test Cases/update FAILED.
Reason:
com.thoughtworks.selenium.SeleniumException: Element link=Edit not found
	at com.thoughtworks.selenium.webdriven.ElementFinder.findElement(ElementFinder.java:77)
	at com.thoughtworks.selenium.webdriven.commands.Click.handleSeleneseCommand(Click.java:39)
	at com.thoughtworks.selenium.webdriven.commands.Click.handleSeleneseCommand(Click.java:26)
	at com.thoughtworks.selenium.webdriven.SeleneseCommand.apply(SeleneseCommand.java:36)
	at com.thoughtworks.selenium.webdriven.Timer.run(Timer.java:41)
	at com.thoughtworks.selenium.webdriven.WebDriverCommandProcessor.execute(WebDriverCommandProcessor.java:150)
	at com.thoughtworks.selenium.webdriven.WebDriverCommandProcessor.doCommand(WebDriverCommandProcessor.java:76)
	at com.thoughtworks.selenium.DefaultSelenium.click(DefaultSelenium.java:198)
	at com.thoughtworks.selenium.Selenium$click.call(Unknown Source)
	at update.run(update:36)
	at com.kms.katalon.core.main.ScriptEngine.run(ScriptEngine.java:194)
	at com.kms.katalon.core.main.ScriptEngine.runScriptAsRawText(ScriptEngine.java:119)
	at com.kms.katalon.core.main.TestCaseExecutor.runScript(TestCaseExecutor.java:328)
	at com.kms.katalon.core.main.TestCaseExecutor.doExecute(TestCaseExecutor.java:319)
	at com.kms.katalon.core.main.TestCaseExecutor.processExecutionPhase(TestCaseExecutor.java:298)
	at com.kms.katalon.core.main.TestCaseExecutor.accessMainPhase(TestCaseExecutor.java:290)
	at com.kms.katalon.core.main.TestCaseExecutor.execute(TestCaseExecutor.java:224)
	at com.kms.katalon.core.main.TestSuiteExecutor.accessTestCaseMainPhase(TestSuiteExecutor.java:129)
	at com.kms.katalon.core.main.TestSuiteExecutor.accessTestSuiteMainPhase(TestSuiteExecutor.java:112)
	at com.kms.katalon.core.main.TestSuiteExecutor.execute(TestSuiteExecutor.java:81)
	at com.kms.katalon.core.main.TestCaseMain.startTestSuite(TestCaseMain.java:149)
	at com.kms.katalon.core.main.TestCaseMain$startTestSuite$0.call(Unknown Source)
	at TempTestSuite1554557413460.run(TempTestSuite1554557413460.groovy:36)]]></system-err>
   </testsuite>
</testsuites>
